2022-09-20T15:37:16.563705Z 0 [Warning] Insecure configuration for --secure-file-priv: Current value does not restrict location of generated files. Consider setting it to a valid, non-empty path.
2022-09-20T15:37:16.564138Z 0 [Note] C:\laragon\bin\mysql\mysql-5.7.33-winx64\bin\mysqld (mysqld 5.7.33) starting as process 3808 ...
2022-09-20T15:37:16.579059Z 0 [Note] InnoDB: Mutexes and rw_locks use Windows interlocked functions
2022-09-20T15:37:16.580267Z 0 [Note] InnoDB: Uses event mutexes
2022-09-20T15:37:16.580983Z 0 [Note] InnoDB: _mm_lfence() and _mm_sfence() are used for memory barrier
2022-09-20T15:37:16.582072Z 0 [Note] InnoDB: Compressed tables use zlib 1.2.11
2022-09-20T15:37:16.583206Z 0 [Note] InnoDB: Number of pools: 1
2022-09-20T15:37:16.584139Z 0 [Note] InnoDB: Not using CPU crc32 instructions
2022-09-20T15:37:16.587081Z 0 [Note] InnoDB: Initializing buffer pool, total size = 128M, instances = 1, chunk size = 128M
2022-09-20T15:37:16.593556Z 0 [Note] InnoDB: Completed initialization of buffer pool
2022-09-20T15:37:16.620748Z 0 [Note] InnoDB: Highest supported file format is Barracuda.
2022-09-20T15:37:16.683876Z 0 [Note] InnoDB: Creating shared tablespace for temporary tables
2022-09-20T15:37:16.684878Z 0 [Note] InnoDB: Setting file '.\ibtmp1' size to 12 MB. Physically writing the file full; Please wait ...
2022-09-20T15:37:16.786523Z 0 [Note] InnoDB: File '.\ibtmp1' size is now 12 MB.
2022-09-20T15:37:16.801158Z 0 [Note] InnoDB: 96 redo rollback segment(s) found. 96 redo rollback segment(s) are active.
2022-09-20T15:37:16.802745Z 0 [Note] InnoDB: 32 non-redo rollback segment(s) are active.
2022-09-20T15:37:16.804553Z 0 [Note] InnoDB: Waiting for purge to start
2022-09-20T15:37:16.861910Z 0 [Note] InnoDB: 5.7.33 started; log sequence number 2746840
2022-09-20T15:37:16.865180Z 0 [Note] InnoDB: Loading buffer pool(s) from C:\laragon\www\alfastreet\mysql\ib_buffer_pool
2022-09-20T15:37:16.865422Z 0 [Note] Plugin 'FEDERATED' is disabled.
2022-09-20T15:37:16.896432Z 0 [Note] Found ca.pem, server-cert.pem and server-key.pem in data directory. Trying to enable SSL support using them.
2022-09-20T15:37:16.898073Z 0 [Note] Skipping generation of SSL certificates as certificate files are present in data directory.
2022-09-20T15:37:16.901684Z 0 [Warning] CA certificate ca.pem is self signed.
2022-09-20T15:37:16.902883Z 0 [Note] Skipping generation of RSA key pair as key files are present in data directory.
2022-09-20T15:37:16.904934Z 0 [Note] Server hostname (bind-address): '*'; port: 3306
2022-09-20T15:37:16.906238Z 0 [Note] IPv6 is available.
2022-09-20T15:37:16.906700Z 0 [Note] InnoDB: Buffer pool(s) load completed at 220920 10:37:16
2022-09-20T15:37:16.906958Z 0 [Note]   - '::' resolves to '::';
2022-09-20T15:37:16.908645Z 0 [Note] Server socket created on IP: '::'.
2022-09-20T15:37:16.909538Z 0 [ERROR] Can't start server: Bind on TCP/IP port: No such file or directory
2022-09-20T15:37:16.910680Z 0 [ERROR] Do you already have another mysqld server running on port: 3306 ?
2022-09-20T15:37:16.911823Z 0 [ERROR] Aborting

2022-09-20T15:37:16.912444Z 0 [Note] Binlog end
2022-09-20T15:37:16.913129Z 0 [Note] Shutting down plugin 'ngram'
2022-09-20T15:37:16.913910Z 0 [Note] Shutting down plugin 'partition'
2022-09-20T15:37:16.914718Z 0 [Note] Shutting down plugin 'BLACKHOLE'
2022-09-20T15:37:16.915526Z 0 [Note] Shutting down plugin 'ARCHIVE'
2022-09-20T15:37:16.916313Z 0 [Note] Shutting down plugin 'PERFORMANCE_SCHEMA'
2022-09-20T15:37:16.917251Z 0 [Note] Shutting down plugin 'MRG_MYISAM'
2022-09-20T15:37:16.918079Z 0 [Note] Shutting down plugin 'MyISAM'
2022-09-20T15:37:16.918881Z 0 [Note] Shutting down plugin 'INNODB_SYS_VIRTUAL'
2022-09-20T15:37:16.919768Z 0 [Note] Shutting down plugin 'INNODB_SYS_DATAFILES'
2022-09-20T15:37:16.920674Z 0 [Note] Shutting down plugin 'INNODB_SYS_TABLESPACES'
2022-09-20T15:37:16.921599Z 0 [Note] Shutting down plugin 'INNODB_SYS_FOREIGN_COLS'
2022-09-20T15:37:16.922533Z 0 [Note] Shutting down plugin 'INNODB_SYS_FOREIGN'
2022-09-20T15:37:16.923418Z 0 [Note] Shutting down plugin 'INNODB_SYS_FIELDS'
2022-09-20T15:37:16.923989Z 0 [Note] Shutting down plugin 'INNODB_SYS_COLUMNS'
2022-09-20T15:37:16.924450Z 0 [Note] Shutting down plugin 'INNODB_SYS_INDEXES'
2022-09-20T15:37:16.924858Z 0 [Note] Shutting down plugin 'INNODB_SYS_TABLESTATS'
2022-09-20T15:37:16.925279Z 0 [Note] Shutting down plugin 'INNODB_SYS_TABLES'
2022-09-20T15:37:16.925683Z 0 [Note] Shutting down plugin 'INNODB_FT_INDEX_TABLE'
2022-09-20T15:37:16.926105Z 0 [Note] Shutting down plugin 'INNODB_FT_INDEX_CACHE'
2022-09-20T15:37:16.926526Z 0 [Note] Shutting down plugin 'INNODB_FT_CONFIG'
2022-09-20T15:37:16.926926Z 0 [Note] Shutting down plugin 'INNODB_FT_BEING_DELETED'
2022-09-20T15:37:16.927355Z 0 [Note] Shutting down plugin 'INNODB_FT_DELETED'
2022-09-20T15:37:16.927759Z 0 [Note] Shutting down plugin 'INNODB_FT_DEFAULT_STOPWORD'
2022-09-20T15:37:16.928223Z 0 [Note] Shutting down plugin 'INNODB_METRICS'
2022-09-20T15:37:16.928614Z 0 [Note] Shutting down plugin 'INNODB_TEMP_TABLE_INFO'
2022-09-20T15:37:16.929038Z 0 [Note] Shutting down plugin 'INNODB_BUFFER_POOL_STATS'
2022-09-20T15:37:16.929472Z 0 [Note] Shutting down plugin 'INNODB_BUFFER_PAGE_LRU'
2022-09-20T15:37:16.929897Z 0 [Note] Shutting down plugin 'INNODB_BUFFER_PAGE'
2022-09-20T15:37:16.930305Z 0 [Note] Shutting down plugin 'INNODB_CMP_PER_INDEX_RESET'
2022-09-20T15:37:16.930748Z 0 [Note] Shutting down plugin 'INNODB_CMP_PER_INDEX'
2022-09-20T15:37:16.931164Z 0 [Note] Shutting down plugin 'INNODB_CMPMEM_RESET'
2022-09-20T15:37:16.931576Z 0 [Note] Shutting down plugin 'INNODB_CMPMEM'
2022-09-20T15:37:16.931962Z 0 [Note] Shutting down plugin 'INNODB_CMP_RESET'
2022-09-20T15:37:16.932361Z 0 [Note] Shutting down plugin 'INNODB_CMP'
2022-09-20T15:37:16.932734Z 0 [Note] Shutting down plugin 'INNODB_LOCK_WAITS'
2022-09-20T15:37:16.933136Z 0 [Note] Shutting down plugin 'INNODB_LOCKS'
2022-09-20T15:37:16.933519Z 0 [Note] Shutting down plugin 'INNODB_TRX'
2022-09-20T15:37:16.934045Z 0 [Note] Shutting down plugin 'InnoDB'
2022-09-20T15:37:16.934439Z 0 [Note] InnoDB: FTS optimize thread exiting.
2022-09-20T15:37:16.934907Z 0 [Note] InnoDB: Starting shutdown...
2022-09-20T15:37:17.040177Z 0 [Note] InnoDB: Dumping buffer pool(s) to C:\laragon\www\alfastreet\mysql\ib_buffer_pool
2022-09-20T15:37:17.045892Z 0 [Note] InnoDB: Buffer pool(s) dump completed at 220920 10:37:17
2022-09-20T15:37:18.327456Z 0 [Note] InnoDB: Shutdown completed; log sequence number 2746859
2022-09-20T15:37:18.330754Z 0 [Note] InnoDB: Removed temporary tablespace data file: "ibtmp1"
2022-09-20T15:37:18.332986Z 0 [Note] Shutting down plugin 'MEMORY'
2022-09-20T15:37:18.334667Z 0 [Note] Shutting down plugin 'CSV'
2022-09-20T15:37:18.336279Z 0 [Note] Shutting down plugin 'sha256_password'
2022-09-20T15:37:18.338110Z 0 [Note] Shutting down plugin 'mysql_native_password'
2022-09-20T15:37:18.340399Z 0 [Note] Shutting down plugin 'binlog'
2022-09-20T15:37:18.349347Z 0 [Note] C:\laragon\bin\mysql\mysql-5.7.33-winx64\bin\mysqld: Shutdown complete

2022-09-20T15:40:53.398339Z 0 [Warning] Insecure configuration for --secure-file-priv: Current value does not restrict location of generated files. Consider setting it to a valid, non-empty path.
2022-09-20T15:40:53.399358Z 0 [Note] C:\laragon\bin\mysql\mysql-5.7.33-winx64\bin\mysqld (mysqld 5.7.33) starting as process 10044 ...
2022-09-20T15:40:53.427632Z 0 [Note] InnoDB: Mutexes and rw_locks use Windows interlocked functions
2022-09-20T15:40:53.428432Z 0 [Note] InnoDB: Uses event mutexes
2022-09-20T15:40:53.429256Z 0 [Note] InnoDB: _mm_lfence() and _mm_sfence() are used for memory barrier
2022-09-20T15:40:53.429958Z 0 [Note] InnoDB: Compressed tables use zlib 1.2.11
2022-09-20T15:40:53.430747Z 0 [Note] InnoDB: Number of pools: 1
2022-09-20T15:40:53.431292Z 0 [Note] InnoDB: Not using CPU crc32 instructions
2022-09-20T15:40:53.434703Z 0 [Note] InnoDB: Initializing buffer pool, total size = 128M, instances = 1, chunk size = 128M
2022-09-20T15:40:53.441707Z 0 [Note] InnoDB: Completed initialization of buffer pool
2022-09-20T15:40:53.497586Z 0 [Note] InnoDB: Highest supported file format is Barracuda.
2022-09-20T15:40:53.671344Z 0 [Note] InnoDB: Creating shared tablespace for temporary tables
2022-09-20T15:40:53.672426Z 0 [Note] InnoDB: Setting file '.\ibtmp1' size to 12 MB. Physically writing the file full; Please wait ...
2022-09-20T15:40:53.757731Z 0 [Note] InnoDB: File '.\ibtmp1' size is now 12 MB.
2022-09-20T15:40:53.766419Z 0 [Note] InnoDB: 96 redo rollback segment(s) found. 96 redo rollback segment(s) are active.
2022-09-20T15:40:53.767169Z 0 [Note] InnoDB: 32 non-redo rollback segment(s) are active.
2022-09-20T15:40:53.767998Z 0 [Note] InnoDB: Waiting for purge to start
2022-09-20T15:40:53.820246Z 0 [Note] InnoDB: 5.7.33 started; log sequence number 2746859
2022-09-20T15:40:53.821178Z 0 [Note] InnoDB: Loading buffer pool(s) from C:\laragon\www\alfastreet\mysql\ib_buffer_pool
2022-09-20T15:40:53.821475Z 0 [Note] Plugin 'FEDERATED' is disabled.
2022-09-20T15:40:53.847616Z 0 [Note] Found ca.pem, server-cert.pem and server-key.pem in data directory. Trying to enable SSL support using them.
2022-09-20T15:40:53.848513Z 0 [Note] Skipping generation of SSL certificates as certificate files are present in data directory.
2022-09-20T15:40:53.848804Z 0 [Note] InnoDB: Buffer pool(s) load completed at 220920 10:40:53
2022-09-20T15:40:53.865258Z 0 [Warning] CA certificate ca.pem is self signed.
2022-09-20T15:40:53.865950Z 0 [Note] Skipping generation of RSA key pair as key files are present in data directory.
2022-09-20T15:40:53.874640Z 0 [Note] Server hostname (bind-address): '*'; port: 3306
2022-09-20T15:40:53.875432Z 0 [Note] IPv6 is available.
2022-09-20T15:40:53.876311Z 0 [Note]   - '::' resolves to '::';
2022-09-20T15:40:53.876799Z 0 [Note] Server socket created on IP: '::'.
2022-09-20T15:40:54.818807Z 0 [Note] Event Scheduler: Loaded 0 events
2022-09-20T15:40:54.819461Z 0 [Note] C:\laragon\bin\mysql\mysql-5.7.33-winx64\bin\mysqld: ready for connections.
Version: '5.7.33'  socket: ''  port: 3306  MySQL Community Server (GPL)
2022-09-20T15:42:31.439936Z 0 [Warning] Insecure configuration for --secure-file-priv: Current value does not restrict location of generated files. Consider setting it to a valid, non-empty path.
2022-09-20T15:42:31.440271Z 0 [Note] C:\laragon\bin\mysql\mysql-5.7.33-winx64\bin\mysqld (mysqld 5.7.33) starting as process 1732 ...
2022-09-20T15:42:31.456597Z 0 [Note] InnoDB: Mutexes and rw_locks use Windows interlocked functions
2022-09-20T15:42:31.457251Z 0 [Note] InnoDB: Uses event mutexes
2022-09-20T15:42:31.457645Z 0 [Note] InnoDB: _mm_lfence() and _mm_sfence() are used for memory barrier
2022-09-20T15:42:31.458201Z 0 [Note] InnoDB: Compressed tables use zlib 1.2.11
2022-09-20T15:42:31.458954Z 0 [Note] InnoDB: Number of pools: 1
2022-09-20T15:42:31.459425Z 0 [Note] InnoDB: Not using CPU crc32 instructions
2022-09-20T15:42:31.462149Z 0 [Note] InnoDB: Initializing buffer pool, total size = 128M, instances = 1, chunk size = 128M
2022-09-20T15:42:31.469139Z 0 [Note] InnoDB: Completed initialization of buffer pool
2022-09-20T15:42:31.495168Z 0 [ERROR] InnoDB: The innodb_system data file 'ibdata1' must be writable
2022-09-20T15:42:31.495874Z 0 [ERROR] InnoDB: The innodb_system data file 'ibdata1' must be writable
2022-09-20T15:42:31.496618Z 0 [ERROR] InnoDB: Plugin initialization aborted with error Generic error
2022-09-20T15:42:31.710197Z 0 [ERROR] Plugin 'InnoDB' init function returned error.
2022-09-20T15:42:31.710782Z 0 [ERROR] Plugin 'InnoDB' registration as a STORAGE ENGINE failed.
2022-09-20T15:42:31.711398Z 0 [ERROR] Failed to initialize builtin plugins.
2022-09-20T15:42:31.711877Z 0 [ERROR] Aborting

2022-09-20T15:42:31.712208Z 0 [Note] Binlog end
2022-09-20T15:42:31.712557Z 0 [Note] Shutting down plugin 'CSV'
2022-09-20T15:42:31.714916Z 0 [Note] C:\laragon\bin\mysql\mysql-5.7.33-winx64\bin\mysqld: Shutdown complete

2022-09-20T15:59:44.436027Z 0 [Note] C:\laragon\bin\mysql\mysql-5.7.33-winx64\bin\mysqld: Normal shutdown

2022-09-20T15:59:44.436907Z 0 [Note] Giving 1 client threads a chance to die gracefully
2022-09-20T15:59:44.437421Z 0 [Note] Shutting down slave threads
2022-09-20T15:59:46.452783Z 0 [Note] Forcefully disconnecting 0 remaining clients
2022-09-20T15:59:46.454528Z 0 [Note] Event Scheduler: Purging the queue. 0 events
2022-09-20T15:59:46.457036Z 0 [Note] Binlog end
2022-09-20T15:59:46.461075Z 0 [Note] Shutting down plugin 'ngram'
2022-09-20T15:59:46.462459Z 0 [Note] Shutting down plugin 'partition'
2022-09-20T15:59:46.463875Z 0 [Note] Shutting down plugin 'BLACKHOLE'
2022-09-20T15:59:46.465289Z 0 [Note] Shutting down plugin 'ARCHIVE'
2022-09-20T15:59:46.466661Z 0 [Note] Shutting down plugin 'PERFORMANCE_SCHEMA'
2022-09-20T15:59:46.468421Z 0 [Note] Shutting down plugin 'MRG_MYISAM'
2022-09-20T15:59:46.469931Z 0 [Note] Shutting down plugin 'MyISAM'
2022-09-20T15:59:46.471337Z 0 [Note] Shutting down plugin 'INNODB_SYS_VIRTUAL'
2022-09-20T15:59:46.472933Z 0 [Note] Shutting down plugin 'INNODB_SYS_DATAFILES'
2022-09-20T15:59:46.474561Z 0 [Note] Shutting down plugin 'INNODB_SYS_TABLESPACES'
2022-09-20T15:59:46.476226Z 0 [Note] Shutting down plugin 'INNODB_SYS_FOREIGN_COLS'
2022-09-20T15:59:46.477913Z 0 [Note] Shutting down plugin 'INNODB_SYS_FOREIGN'
2022-09-20T15:59:46.479500Z 0 [Note] Shutting down plugin 'INNODB_SYS_FIELDS'
2022-09-20T15:59:46.481068Z 0 [Note] Shutting down plugin 'INNODB_SYS_COLUMNS'
2022-09-20T15:59:46.482656Z 0 [Note] Shutting down plugin 'INNODB_SYS_INDEXES'
2022-09-20T15:59:46.484367Z 0 [Note] Shutting down plugin 'INNODB_SYS_TABLESTATS'
2022-09-20T15:59:46.486125Z 0 [Note] Shutting down plugin 'INNODB_SYS_TABLES'
2022-09-20T15:59:46.487676Z 0 [Note] Shutting down plugin 'INNODB_FT_INDEX_TABLE'
2022-09-20T15:59:46.489299Z 0 [Note] Shutting down plugin 'INNODB_FT_INDEX_CACHE'
2022-09-20T15:59:46.490920Z 0 [Note] Shutting down plugin 'INNODB_FT_CONFIG'
2022-09-20T15:59:46.492445Z 0 [Note] Shutting down plugin 'INNODB_FT_BEING_DELETED'
2022-09-20T15:59:46.494108Z 0 [Note] Shutting down plugin 'INNODB_FT_DELETED'
2022-09-20T15:59:46.495652Z 0 [Note] Shutting down plugin 'INNODB_FT_DEFAULT_STOPWORD'
2022-09-20T15:59:46.497374Z 0 [Note] Shutting down plugin 'INNODB_METRICS'
2022-09-20T15:59:46.498857Z 0 [Note] Shutting down plugin 'INNODB_TEMP_TABLE_INFO'
2022-09-20T15:59:46.500214Z 0 [Note] Shutting down plugin 'INNODB_BUFFER_POOL_STATS'
2022-09-20T15:59:46.501368Z 0 [Note] Shutting down plugin 'INNODB_BUFFER_PAGE_LRU'
2022-09-20T15:59:46.502379Z 0 [Note] Shutting down plugin 'INNODB_BUFFER_PAGE'
2022-09-20T15:59:46.503338Z 0 [Note] Shutting down plugin 'INNODB_CMP_PER_INDEX_RESET'
2022-09-20T15:59:46.504393Z 0 [Note] Shutting down plugin 'INNODB_CMP_PER_INDEX'
2022-09-20T15:59:46.505376Z 0 [Note] Shutting down plugin 'INNODB_CMPMEM_RESET'
2022-09-20T15:59:46.506347Z 0 [Note] Shutting down plugin 'INNODB_CMPMEM'
2022-09-20T15:59:46.507245Z 0 [Note] Shutting down plugin 'INNODB_CMP_RESET'
2022-09-20T15:59:46.508181Z 0 [Note] Shutting down plugin 'INNODB_CMP'
2022-09-20T15:59:46.509044Z 0 [Note] Shutting down plugin 'INNODB_LOCK_WAITS'
2022-09-20T15:59:46.509990Z 0 [Note] Shutting down plugin 'INNODB_LOCKS'
2022-09-20T15:59:46.510877Z 0 [Note] Shutting down plugin 'INNODB_TRX'
2022-09-20T15:59:46.511741Z 0 [Note] Shutting down plugin 'InnoDB'
2022-09-20T15:59:46.512657Z 0 [Note] InnoDB: FTS optimize thread exiting.
2022-09-20T15:59:46.513729Z 0 [Note] InnoDB: Starting shutdown...
2022-09-20T15:59:46.616288Z 0 [Note] InnoDB: Dumping buffer pool(s) to C:\laragon\www\alfastreet\mysql\ib_buffer_pool
2022-09-20T15:59:46.622638Z 0 [Note] InnoDB: Buffer pool(s) dump completed at 220920 10:59:46
2022-09-20T15:59:47.797046Z 0 [Note] InnoDB: Shutdown completed; log sequence number 3175256
2022-09-20T15:59:47.798761Z 0 [Note] InnoDB: Removed temporary tablespace data file: "ibtmp1"
2022-09-20T15:59:47.799822Z 0 [Note] Shutting down plugin 'MEMORY'
2022-09-20T15:59:47.800547Z 0 [Note] Shutting down plugin 'CSV'
2022-09-20T15:59:47.801241Z 0 [Note] Shutting down plugin 'sha256_password'
2022-09-20T15:59:47.802053Z 0 [Note] Shutting down plugin 'mysql_native_password'
2022-09-20T15:59:47.803231Z 0 [Note] Shutting down plugin 'binlog'
2022-09-20T15:59:47.806055Z 0 [Note] C:\laragon\bin\mysql\mysql-5.7.33-winx64\bin\mysqld: Shutdown complete

